2024-02-27 17:30:58,769 | ERROR | 截图失败：'str' object has no attribute 'window_title'
2024-02-27 17:30:59,773 | DEBUG | 截图用时：1.002042531967163
2024-02-27 17:30:59,774 | ERROR | 截图失败：'str' object has no attribute 'window_title'
2024-02-27 17:31:00,783 | DEBUG | 截图用时：2.013479471206665
2024-02-27 17:31:00,784 | ERROR | 截图失败：'str' object has no attribute 'window_title'
2024-02-27 17:31:01,794 | DEBUG | 截图用时：3.024461030960083
2024-02-27 17:31:01,794 | ERROR | 截图失败：'str' object has no attribute 'window_title'
2024-02-27 17:31:02,807 | DEBUG | 截图用时：4.037976264953613
2024-02-27 17:31:02,809 | ERROR | 截图失败：'str' object has no attribute 'window_title'
2024-02-27 17:31:03,818 | DEBUG | 截图用时：5.048906326293945
2024-02-27 17:31:03,819 | ERROR | 截图失败：'str' object has no attribute 'window_title'
2024-02-27 17:31:04,834 | DEBUG | 截图用时：6.064871549606323
2024-02-27 17:31:04,835 | ERROR | 截图失败：'str' object has no attribute 'window_title'
2024-02-27 17:31:05,840 | DEBUG | 截图用时：7.070595979690552
2024-02-27 17:31:05,841 | ERROR | 截图失败：'str' object has no attribute 'window_title'
2024-02-27 17:31:06,852 | DEBUG | 截图用时：8.082796335220337
2024-02-27 17:31:06,854 | ERROR | 截图失败：'str' object has no attribute 'window_title'
2024-02-27 17:31:25,711 | ERROR | 截图失败：'str' object has no attribute 'window_title'
2024-02-27 17:31:26,724 | DEBUG | 截图用时：1.0131516456604004
2024-02-27 17:31:26,725 | ERROR | 截图失败：'str' object has no attribute 'window_title'
2024-02-27 17:31:27,732 | DEBUG | 截图用时：2.021087646484375
2024-02-27 17:31:27,733 | ERROR | 截图失败：'str' object has no attribute 'window_title'
2024-02-27 17:31:28,746 | DEBUG | 截图用时：3.034850597381592
2024-02-27 17:31:28,747 | ERROR | 截图失败：'str' object has no attribute 'window_title'
2024-02-27 17:31:29,757 | DEBUG | 截图用时：4.046204090118408
2024-02-27 17:31:29,758 | ERROR | 截图失败：'str' object has no attribute 'window_title'
2024-02-27 17:31:30,774 | DEBUG | 截图用时：5.062530517578125
2024-02-27 17:31:30,776 | ERROR | 截图失败：'str' object has no attribute 'window_title'
2024-02-27 17:31:31,790 | DEBUG | 截图用时：6.079373598098755
2024-02-27 17:31:31,791 | ERROR | 截图失败：'str' object has no attribute 'window_title'
2024-02-27 17:31:32,804 | DEBUG | 截图用时：7.092777729034424
2024-02-27 17:31:32,804 | ERROR | 截图失败：'str' object has no attribute 'window_title'
2024-02-27 17:31:33,820 | DEBUG | 截图用时：8.10845398902893
2024-02-27 17:31:33,821 | ERROR | 截图失败：'str' object has no attribute 'window_title'
2024-02-27 18:26:01,008 | DEBUG | 第 1 次截图。
2024-02-27 18:26:01,011 | ERROR | 截图失败：没有找到游戏窗口。
2024-02-27 18:30:26,082 | DEBUG | 第 1 次截图。
2024-02-27 18:30:26,085 | ERROR | 截图失败：没有找到游戏窗口。
2024-02-27 18:30:27,099 | DEBUG | 截图用时：0.003996133804321289
2024-02-27 18:30:27,100 | DEBUG | 第 2 次截图。
2024-02-27 18:30:27,101 | ERROR | 截图失败：没有找到游戏窗口。
2024-02-27 18:30:28,105 | DEBUG | 截图用时：1.0198307037353516
2024-02-27 18:30:28,105 | DEBUG | 第 3 次截图。
2024-02-27 18:30:28,107 | ERROR | 截图失败：没有找到游戏窗口。
2024-02-27 18:30:29,120 | DEBUG | 截图用时：2.026595115661621
2024-02-27 18:30:29,121 | DEBUG | 第 4 次截图。
2024-02-27 18:30:29,122 | ERROR | 截图失败：没有找到游戏窗口。
2024-02-27 18:30:30,131 | DEBUG | 截图用时：3.040163516998291
2024-02-27 18:30:30,132 | DEBUG | 第 5 次截图。
2024-02-27 18:30:30,133 | ERROR | 截图失败：没有找到游戏窗口。
2024-02-27 18:30:31,136 | DEBUG | 截图用时：4.051815986633301
2024-02-27 18:30:31,137 | DEBUG | 第 6 次截图。
2024-02-27 18:30:31,138 | ERROR | 截图失败：没有找到游戏窗口。
2024-02-27 18:30:32,153 | DEBUG | 截图用时：5.057043790817261
2024-02-27 18:30:32,154 | DEBUG | 第 7 次截图。
2024-02-27 18:30:32,155 | ERROR | 截图失败：没有找到游戏窗口。
2024-02-27 18:30:33,162 | DEBUG | 截图用时：6.073989152908325
2024-02-27 18:30:33,163 | DEBUG | 第 8 次截图。
2024-02-27 18:30:33,164 | ERROR | 截图失败：没有找到游戏窗口。
2024-02-27 18:30:34,179 | DEBUG | 截图用时：7.083550930023193
2024-02-27 18:30:34,180 | DEBUG | 第 9 次截图。
2024-02-27 18:30:34,181 | ERROR | 截图失败：没有找到游戏窗口。
2024-02-27 18:30:35,192 | DEBUG | 截图用时：8.09984540939331
2024-02-27 18:30:35,193 | DEBUG | 第 10 次截图。
2024-02-27 18:30:35,194 | ERROR | 截图失败：没有找到游戏窗口。
2024-02-27 18:30:36,197 | DEBUG | 截图用时：9.112619876861572
2024-02-27 18:30:36,198 | DEBUG | 第 11 次截图。
2024-02-27 18:30:36,199 | ERROR | 截图失败：没有找到游戏窗口。
2024-02-27 18:30:37,213 | DEBUG | 截图用时：10.117687225341797
2024-02-27 18:30:37,214 | DEBUG | 第 12 次截图。
2024-02-27 18:30:37,215 | ERROR | 截图失败：没有找到游戏窗口。
2024-02-27 18:30:38,230 | DEBUG | 截图用时：11.1343834400177
2024-02-27 18:30:38,230 | DEBUG | 第 13 次截图。
2024-02-27 18:30:38,232 | ERROR | 截图失败：没有找到游戏窗口。
2024-02-27 18:30:39,233 | DEBUG | 截图用时：12.149683237075806
2024-02-27 18:30:39,233 | DEBUG | 第 14 次截图。
2024-02-27 18:30:39,234 | ERROR | 截图失败：没有找到游戏窗口。
2024-02-27 18:30:40,247 | DEBUG | 截图用时：13.151902914047241
2024-02-27 18:30:40,247 | DEBUG | 第 15 次截图。
2024-02-27 18:30:40,248 | ERROR | 截图失败：没有找到游戏窗口。
2024-02-27 18:30:41,263 | DEBUG | 截图用时：14.166727542877197
2024-02-27 18:30:41,264 | DEBUG | 第 16 次截图。
2024-02-27 18:30:41,265 | ERROR | 截图失败：没有找到游戏窗口。
2024-02-27 18:30:42,280 | DEBUG | 截图用时：15.184049606323242
2024-02-27 18:30:42,281 | DEBUG | 第 17 次截图。
2024-02-27 18:30:42,282 | ERROR | 截图失败：没有找到游戏窗口。
2024-02-27 18:30:43,290 | DEBUG | 截图用时：16.199734449386597
2024-02-27 18:30:43,291 | DEBUG | 第 18 次截图。
2024-02-27 18:30:43,292 | ERROR | 截图失败：没有找到游戏窗口。
2024-02-27 18:30:44,305 | DEBUG | 截图用时：17.21128273010254
2024-02-27 18:30:44,306 | DEBUG | 第 19 次截图。
2024-02-27 18:30:44,308 | ERROR | 截图失败：没有找到游戏窗口。
2024-02-27 18:30:45,321 | DEBUG | 截图用时：18.226027488708496
2024-02-27 18:30:45,322 | DEBUG | 第 20 次截图。
2024-02-27 18:30:45,323 | ERROR | 截图失败：没有找到游戏窗口。
2024-02-27 18:30:46,334 | DEBUG | 截图用时：19.24210262298584
2024-02-27 18:30:46,335 | DEBUG | 第 21 次截图。
2024-02-27 18:30:46,336 | ERROR | 截图失败：没有找到游戏窗口。
2024-02-27 18:30:47,351 | DEBUG | 截图用时：20.254727363586426
2024-02-27 18:30:47,351 | DEBUG | 第 22 次截图。
2024-02-27 18:30:47,352 | ERROR | 截图失败：没有找到游戏窗口。
2024-02-27 18:30:48,360 | DEBUG | 截图用时：21.270612239837646
2024-02-27 18:30:48,362 | DEBUG | 第 23 次截图。
2024-02-27 18:30:48,365 | ERROR | 截图失败：没有找到游戏窗口。
2024-02-27 18:30:49,370 | DEBUG | 截图用时：22.283381938934326
2024-02-27 18:30:49,372 | DEBUG | 第 24 次截图。
2024-02-27 18:30:49,373 | ERROR | 截图失败：没有找到游戏窗口。
2024-02-27 18:31:44,069 | DEBUG | 第 1 次截图。
2024-02-27 18:31:44,072 | ERROR | 截图失败：没有找到游戏窗口。
2024-02-27 18:31:45,078 | DEBUG | 截图成功！用时：0.003004789352416992
2024-02-27 18:31:45,079 | DEBUG | 第 2 次截图。
2024-02-27 18:31:45,080 | ERROR | 截图失败：没有找到游戏窗口。
2024-02-27 18:31:46,081 | DEBUG | 截图成功！用时：0.0010008811950683594
2024-02-27 18:31:46,082 | DEBUG | 第 3 次截图。
2024-02-27 18:31:46,084 | ERROR | 截图失败：没有找到游戏窗口。
2024-02-27 18:31:47,094 | DEBUG | 截图成功！用时：0.002000093460083008
2024-02-27 18:31:47,095 | DEBUG | 第 4 次截图。
2024-02-27 18:31:47,097 | ERROR | 截图失败：没有找到游戏窗口。
2024-02-27 18:31:48,109 | DEBUG | 截图成功！用时：0.002003908157348633
2024-02-27 18:31:48,110 | DEBUG | 第 5 次截图。
2024-02-27 18:31:48,111 | ERROR | 截图失败：没有找到游戏窗口。
2024-02-27 18:31:49,123 | DEBUG | 截图成功！用时：0.001995563507080078
2024-02-27 18:31:49,125 | DEBUG | 第 6 次截图。
2024-02-27 18:31:49,126 | ERROR | 截图失败：没有找到游戏窗口。
2024-02-27 18:31:50,129 | DEBUG | 截图成功！用时：0.0009851455688476562
2024-02-27 18:33:09,374 | DEBUG | 第 1 次截图。
2024-02-27 18:33:09,377 | ERROR | 截图失败：没有找到游戏窗口。
2024-02-27 18:33:10,390 | DEBUG | 截图成功！用时：0.0039958953857421875
2024-02-27 18:33:10,391 | DEBUG | 第 2 次截图。
2024-02-27 18:33:10,392 | ERROR | 截图失败：没有找到游戏窗口。
2024-02-27 18:33:11,404 | DEBUG | 截图成功！用时：0.0010001659393310547
2024-02-27 18:33:11,406 | DEBUG | 第 3 次截图。
2024-02-27 18:33:11,407 | ERROR | 截图失败：没有找到游戏窗口。
2024-02-27 18:33:12,416 | DEBUG | 截图成功！用时：0.0010061264038085938
2024-02-27 18:33:12,417 | DEBUG | 第 4 次截图。
2024-02-27 18:33:12,418 | ERROR | 截图失败：没有找到游戏窗口。
2024-02-27 18:33:13,425 | DEBUG | 截图成功！用时：0.0009999275207519531
2024-02-27 18:33:13,426 | DEBUG | 第 5 次截图。
2024-02-27 18:33:13,427 | ERROR | 截图失败：没有找到游戏窗口。
2024-02-27 18:33:14,441 | DEBUG | 截图成功！用时：0.0018286705017089844
2024-02-27 18:33:14,442 | DEBUG | 第 6 次截图。
2024-02-27 18:33:14,443 | ERROR | 截图失败：没有找到游戏窗口。
2024-02-27 18:33:15,457 | DEBUG | 截图成功！用时：0.0019941329956054688
2024-02-27 18:51:15,282 | DEBUG | 第 1 次截图。
2024-02-27 18:53:54,788 | DEBUG | 第 1 次截图。
2024-02-27 19:12:41,794 | DEBUG | 第 1 次截图。
2024-02-27 19:12:52,324 | DEBUG | 第 1 次截图。
2024-02-27 19:13:13,050 | DEBUG | 第 1 次截图。
2024-02-27 19:14:55,629 | DEBUG | 第 1 次截图。
2024-02-27 19:16:05,162 | DEBUG | 第 1 次截图。
2024-02-27 19:16:05,168 | ERROR | 截图失败：没有找到游戏窗口。
2024-02-27 19:16:06,170 | DEBUG | 截图成功！用时：0.0064203739166259766
2024-02-27 19:16:06,171 | DEBUG | 第 2 次截图。
2024-02-27 19:16:06,172 | ERROR | 截图失败：没有找到游戏窗口。
2024-02-27 19:16:07,187 | DEBUG | 截图成功！用时：0.00099945068359375
2024-02-27 19:16:07,188 | DEBUG | 第 3 次截图。
2024-02-27 19:16:07,189 | ERROR | 截图失败：没有找到游戏窗口。
2024-02-27 19:16:08,190 | DEBUG | 截图成功！用时：0.00099945068359375
2024-02-27 19:16:08,191 | DEBUG | 第 4 次截图。
2024-02-27 19:16:08,192 | ERROR | 截图失败：没有找到游戏窗口。
2024-02-27 19:16:09,200 | DEBUG | 截图成功！用时：0.0009558200836181641
2024-02-27 19:16:09,201 | DEBUG | 第 5 次截图。
2024-02-27 19:16:09,203 | ERROR | 截图失败：没有找到游戏窗口。
2024-02-27 19:16:10,213 | DEBUG | 截图成功！用时：0.0019872188568115234
2024-02-27 19:16:10,213 | DEBUG | 第 6 次截图。
2024-02-27 19:16:10,214 | ERROR | 截图失败：没有找到游戏窗口。
2024-02-27 19:16:11,222 | DEBUG | 截图成功！用时：0.0019998550415039062
2024-02-27 19:16:11,233 | ERROR | 读取图片失败！
2024-02-27 19:17:35,668 | DEBUG | 第 1 次截图。
2024-02-27 19:17:35,671 | ERROR | 截图失败：没有找到游戏窗口。
2024-02-27 19:17:36,673 | DEBUG | 截图成功！用时：0.0039958953857421875
2024-02-27 19:17:36,674 | DEBUG | 第 2 次截图。
2024-02-27 19:17:36,675 | ERROR | 截图失败：没有找到游戏窗口。
2024-02-27 19:17:37,689 | DEBUG | 截图成功！用时：0.0019998550415039062
2024-02-27 19:17:37,690 | DEBUG | 第 3 次截图。
2024-02-27 19:17:37,691 | ERROR | 截图失败：没有找到游戏窗口。
2024-02-27 19:17:38,703 | DEBUG | 截图成功！用时：0.0010008811950683594
2024-02-27 19:17:38,704 | DEBUG | 第 4 次截图。
2024-02-27 19:17:38,705 | ERROR | 截图失败：没有找到游戏窗口。
2024-02-27 19:17:39,719 | DEBUG | 截图成功！用时：0.002001047134399414
2024-02-27 19:17:39,721 | DEBUG | 第 5 次截图。
2024-02-27 19:17:39,722 | ERROR | 截图失败：没有找到游戏窗口。
2024-02-27 19:17:40,729 | DEBUG | 截图成功！用时：0.0010042190551757812
2024-02-27 19:17:40,730 | DEBUG | 第 6 次截图。
2024-02-27 19:17:40,732 | ERROR | 截图失败：没有找到游戏窗口。
2024-02-27 19:17:41,734 | DEBUG | 截图成功！用时：0.0020055770874023438
2024-02-27 19:17:41,742 | DEBUG | 读取图片(tmp/test1.png)成功！
2024-02-27 19:17:41,748 | ERROR | 读取图片失败！
2024-02-27 19:17:55,872 | DEBUG | 第 1 次截图。
2024-02-27 19:17:56,025 | DEBUG | 读取图片(tmp/test1.png)成功！
2024-02-27 19:17:56,030 | ERROR | 读取图片失败！
2024-02-27 19:20:05,763 | DEBUG | 第 1 次截图。
2024-02-27 19:20:05,904 | ERROR | 读取图片失败！
2024-02-27 19:20:05,909 | ERROR | 读取图片失败！
2024-02-27 19:30:08,711 | DEBUG | 第 1 次截图。
2024-02-27 19:30:08,861 | DEBUG | 读取图片(tmp/test1.png)成功！
2024-02-27 19:30:08,863 | DEBUG | 读取图片(tmp/wife_icon.png)成功！
2024-02-27 19:39:06,120 | DEBUG | 第 1 次截图。
2024-02-27 19:39:06,124 | ERROR | 截图失败：没有找到游戏窗口。
2024-02-27 19:39:07,139 | DEBUG | 截图成功！用时：0.004000186920166016
2024-02-27 19:39:07,140 | DEBUG | 第 2 次截图。
2024-02-27 19:39:07,141 | ERROR | 截图失败：没有找到游戏窗口。
2024-02-27 19:39:08,157 | DEBUG | 截图成功！用时：0.0020046234130859375
2024-02-27 19:39:08,158 | DEBUG | 第 3 次截图。
2024-02-27 19:39:08,159 | ERROR | 截图失败：没有找到游戏窗口。
2024-02-27 19:39:09,170 | DEBUG | 截图成功！用时：0.0009899139404296875
2024-02-27 19:39:09,171 | DEBUG | 第 4 次截图。
2024-02-27 19:39:09,172 | ERROR | 截图失败：没有找到游戏窗口。
2024-02-27 19:39:10,182 | DEBUG | 截图成功！用时：0.0019998550415039062
2024-02-27 19:39:10,184 | DEBUG | 第 5 次截图。
2024-02-27 19:39:10,185 | ERROR | 截图失败：没有找到游戏窗口。
2024-02-27 19:39:11,196 | DEBUG | 截图成功！用时：0.0010004043579101562
2024-02-27 19:39:11,197 | DEBUG | 第 6 次截图。
2024-02-27 19:39:11,198 | ERROR | 截图失败：没有找到游戏窗口。
2024-02-27 19:39:12,200 | DEBUG | 截图成功！用时：0.001999378204345703
2024-02-27 19:39:12,209 | DEBUG | 读取图片(tmp/test1.png)成功！
2024-02-27 19:39:12,211 | DEBUG | 读取图片(tmp/wife_icon.png)成功！
2024-02-27 19:39:18,835 | DEBUG | 第 1 次截图。
2024-02-27 19:39:18,992 | DEBUG | 读取图片(tmp/test1.png)成功！
2024-02-27 19:39:18,993 | DEBUG | 读取图片(tmp/wife_icon.png)成功！
2024-02-27 20:14:21,032 | DEBUG | 第 1 次截图。
2024-02-27 20:14:21,187 | DEBUG | 读取图片(tmp/test1.png)成功！
2024-02-27 20:14:21,189 | DEBUG | 读取图片(tmp/wife_icon.png)成功！
2024-02-27 20:17:09,726 | DEBUG | 第 1 次截图。
2024-02-27 20:17:09,863 | DEBUG | 读取图片(tmp/test1.png)成功！
2024-02-27 20:17:09,864 | DEBUG | 读取图片(tmp/wife_icon.png)成功！
2024-02-27 20:18:33,123 | DEBUG | 第 1 次截图。
2024-02-27 20:18:33,269 | DEBUG | 读取图片(tmp/test1.png)成功！
2024-02-27 20:18:33,272 | DEBUG | 读取图片(tmp/wife_icon.png)成功！
2024-02-27 20:22:07,898 | DEBUG | 第 1 次截图。
2024-02-27 20:22:08,050 | DEBUG | 读取图片(tmp/test1.png)成功！
2024-02-27 20:22:08,052 | DEBUG | 读取图片(tmp/wife_icon.png)成功！
2024-02-27 20:23:10,584 | DEBUG | 第 1 次截图。
2024-02-27 20:23:10,736 | DEBUG | 读取图片(tmp/test1.png)成功！
2024-02-27 20:23:10,739 | DEBUG | 读取图片(tmp/wife_icon.png)成功！
2024-02-27 20:25:22,484 | DEBUG | 第 1 次截图。
2024-02-27 20:25:22,752 | DEBUG | 匹配系数：0.9999999403953552
2024-02-27 21:14:15,056 | DEBUG | 第 1 次截图。
2024-02-27 21:14:15,059 | ERROR | 截图失败：没有找到游戏窗口。
2024-02-27 21:14:16,063 | DEBUG | 截图成功！用时：0.0030012130737304688
2024-02-27 21:14:16,065 | DEBUG | 第 2 次截图。
2024-02-27 21:14:16,066 | ERROR | 截图失败：没有找到游戏窗口。
2024-02-27 21:14:17,073 | DEBUG | 截图成功！用时：0.0009996891021728516
2024-02-27 21:14:17,075 | DEBUG | 第 3 次截图。
2024-02-27 21:14:17,076 | ERROR | 截图失败：没有找到游戏窗口。
2024-02-27 21:14:18,086 | DEBUG | 截图成功！用时：0.0009996891021728516
2024-02-27 21:14:18,088 | DEBUG | 第 4 次截图。
2024-02-27 21:14:18,089 | ERROR | 截图失败：没有找到游戏窗口。
2024-02-27 21:14:19,104 | DEBUG | 截图成功！用时：0.001001119613647461
2024-02-27 21:14:19,105 | DEBUG | 第 5 次截图。
2024-02-27 21:14:19,106 | ERROR | 截图失败：没有找到游戏窗口。
2024-02-27 21:15:34,319 | DEBUG | 第 1 次截图。
2024-02-27 21:17:11,539 | DEBUG | 第 1 次截图。
2024-02-27 21:17:34,324 | DEBUG | 第 1 次截图。
2024-02-27 21:18:41,523 | DEBUG | 第 1 次截图。
2024-02-27 21:18:41,664 | ERROR | 寻找图片出错：Can't convert object to 'str' for 'filename'
2024-02-27 21:19:02,498 | DEBUG | 第 1 次截图。
2024-02-27 21:19:02,650 | ERROR | 寻找图片出错：Can't convert object to 'str' for 'filename'
2024-02-27 21:20:31,354 | DEBUG | 第 1 次截图。
2024-02-27 21:20:31,606 | DEBUG | 匹配系数：1.0
2024-02-27 21:20:31,607 | DEBUG | 目标图片：tmp/wife_icon.png 相似度：1.0
2024-02-27 21:22:17,311 | DEBUG | 第 1 次截图。
2024-02-27 21:22:17,556 | DEBUG | 匹配系数：1.0
2024-02-27 21:22:17,560 | DEBUG | 目标图片：tmp/wife_icon.png 相似度：1.0
2024-02-27 21:23:32,330 | DEBUG | 第 1 次截图。
2024-02-27 21:23:32,572 | DEBUG | 匹配系数：0.9999999403953552
2024-02-27 21:23:32,574 | DEBUG | 目标图片：tmp/wife_icon.png 相似度：0.9999999403953552
2024-02-27 21:23:32,685 | DEBUG | 鼠标点击 (219, 316)
2024-02-27 21:23:39,809 | DEBUG | 第 1 次截图。
2024-02-27 21:23:40,079 | DEBUG | 匹配系数：0.9208008050918579
2024-02-27 21:23:40,081 | DEBUG | 目标图片：tmp/wife_icon.png 相似度：0.9208008050918579
2024-02-27 21:23:40,195 | DEBUG | 鼠标点击 (219, 476)
2024-02-27 21:24:27,553 | DEBUG | 第 1 次截图。
2024-02-27 21:24:27,798 | DEBUG | 匹配系数：0.9999999403953552
2024-02-27 21:24:27,800 | DEBUG | 目标图片：tmp/wife_icon.png 相似度：0.9999999403953552
2024-02-27 21:24:27,915 | DEBUG | 鼠标点击 (219, 316)
2024-02-27 21:24:34,137 | DEBUG | 第 1 次截图。
2024-02-27 21:24:34,347 | DEBUG | 匹配系数：0.9208011031150818
2024-02-27 21:24:34,349 | DEBUG | 目标图片：tmp/wife_icon.png 相似度：0.9208011031150818
2024-02-27 21:25:39,191 | DEBUG | 第 1 次截图。
2024-02-27 21:25:39,462 | DEBUG | 匹配系数：0.9208011031150818
2024-02-27 21:25:39,465 | DEBUG | 目标图片：tmp/wife_icon.png 相似度：0.9208011031150818
2024-02-27 21:26:48,455 | DEBUG | 第 1 次截图。
2024-02-27 21:26:48,713 | DEBUG | 匹配系数：0.9208011031150818
2024-02-27 21:26:48,714 | DEBUG | 目标图片：tmp/wife_icon.png 相似度：0.9208011031150818
2024-02-27 21:26:48,715 | DEBUG | 没有找到目标图片！
2024-02-27 21:30:04,383 | DEBUG | 第 1 次截图。
2024-02-27 21:30:50,392 | DEBUG | 第 1 次截图。
2024-02-27 21:31:23,486 | DEBUG | 匹配系数：0.9208008050918579
2024-02-27 21:31:23,488 | DEBUG | 目标图片：tmp/wife_icon.png 相似度：0.9208008050918579
2024-02-27 21:31:23,488 | DEBUG | 没有找到目标图片！
2024-02-27 21:31:51,215 | DEBUG | 第 1 次截图。
2024-02-27 21:32:17,879 | DEBUG | 匹配系数：0.9208011031150818
2024-02-27 21:32:17,880 | DEBUG | 目标图片：tmp/wife_icon.png 相似度：0.9208011031150818
2024-02-27 21:32:17,881 | DEBUG | 没有找到目标图片！
2024-02-27 21:43:39,015 | DEBUG | 第 1 次截图。
2024-02-27 21:43:55,991 | DEBUG | 匹配系数：0.9999999403953552
2024-02-27 21:43:55,993 | DEBUG | 目标图片：tmp/wife_icon.png 相似度：0.9999999403953552
2024-02-27 21:43:56,111 | DEBUG | 鼠标点击 (219, 316)
2024-02-27 21:44:01,703 | DEBUG | 第 1 次截图。
2024-02-27 21:44:29,612 | DEBUG | 第 1 次截图。
2024-02-27 21:44:29,847 | DEBUG | 匹配系数：1.0
2024-02-27 21:44:29,848 | DEBUG | 目标图片：tmp/wife_icon.png 相似度：1.0
2024-02-27 21:44:29,967 | DEBUG | 鼠标点击 (219, 316)
2024-02-27 22:00:24,609 | DEBUG | 第 1 次截图。
2024-02-27 22:00:24,612 | ERROR | 截图失败：没有找到游戏窗口。
2024-02-27 22:00:25,620 | DEBUG | 截图成功！用时：0.003000020980834961
2024-02-27 22:00:25,631 | ERROR | 寻找图片出错：OpenCV(4.6.0) :-1: error: (-5:Bad argument) in function 'cvtColor'
> Overload resolution failed:
>  - src data type = 17 is not supported
>  - Expected Ptr<cv::UMat> for argument 'src'

2024-02-27 22:00:25,633 | DEBUG | 没有找到模板图片！
2024-02-27 22:00:33,260 | DEBUG | 第 1 次截图。
2024-02-27 22:00:33,485 | DEBUG | 匹配系数：0.9999996423721313
2024-02-27 22:00:33,486 | DEBUG | 目标图片：tmp/wife_icon.png 相似度：0.9999996423721313
2024-02-27 22:04:52,647 | DEBUG | 第 1 次截图。
2024-02-27 22:04:52,734 | ERROR | 寻找图片出错：OpenCV(4.6.0) D:\a\opencv-python\opencv-python\opencv\modules\imgproc\src\templmatch.cpp:1175: error: (-215:Assertion failed) _img.size().height <= _templ.size().height && _img.size().width <= _templ.size().width in function 'cv::matchTemplate'

2024-02-27 22:04:52,736 | DEBUG | 没有找到模板图片！
2024-02-27 22:04:59,582 | DEBUG | 第 1 次截图。
2024-02-27 22:04:59,860 | DEBUG | 匹配系数：1.0
2024-02-27 22:04:59,861 | DEBUG | 目标图片：tmp/wife_icon.png 相似度：1.0
2024-02-27 22:15:24,542 | DEBUG | 第 1 次截图。
2024-02-27 22:15:24,624 | ERROR | 寻找图片出错：OpenCV(4.6.0) D:\a\opencv-python\opencv-python\opencv\modules\imgproc\src\templmatch.cpp:1175: error: (-215:Assertion failed) _img.size().height <= _templ.size().height && _img.size().width <= _templ.size().width in function 'cv::matchTemplate'

2024-02-27 22:15:24,627 | DEBUG | 没有找到模板图片！
2024-02-27 22:15:54,575 | DEBUG | 第 1 次截图。
2024-02-27 22:15:54,647 | ERROR | 寻找图片出错：OpenCV(4.6.0) D:\a\opencv-python\opencv-python\opencv\modules\imgproc\src\templmatch.cpp:1175: error: (-215:Assertion failed) _img.size().height <= _templ.size().height && _img.size().width <= _templ.size().width in function 'cv::matchTemplate'

2024-02-27 22:15:54,649 | DEBUG | 没有找到模板图片！
2024-02-27 22:16:06,949 | ERROR | 寻找图片并计数出错：OpenCV(4.6.0) D:\a\opencv-python\opencv-python\opencv\modules\imgproc\src\templmatch.cpp:1175: error: (-215:Assertion failed) _img.size().height <= _templ.size().height && _img.size().width <= _templ.size().width in function 'cv::matchTemplate'

2024-02-27 22:16:18,861 | DEBUG | 第 1 次截图。
2024-02-27 22:16:19,049 | DEBUG | 匹配系数：1.0
2024-02-27 22:16:19,050 | DEBUG | 目标图片：tmp/wife_icon.png 相似度：1.0
2024-02-27 22:21:41,531 | DEBUG | 第 1 次截图。
2024-02-27 22:21:41,859 | DEBUG | 匹配系数：0.9999999403953552
2024-02-27 22:21:41,861 | DEBUG | 目标图片：tmp/wife_icon.png 相似度：0.9999999403953552
2024-02-27 22:22:37,390 | DEBUG | 第 1 次截图。
2024-02-27 22:22:37,627 | DEBUG | 匹配系数：0.9999999403953552
2024-02-27 22:22:37,629 | DEBUG | 目标图片：tmp/wife_icon.png 相似度：0.9999999403953552
2024-02-27 22:23:22,627 | DEBUG | 第 1 次截图。
2024-02-27 22:23:22,872 | DEBUG | 匹配系数：1.0
2024-02-27 22:23:22,873 | DEBUG | 目标图片：tmp/wife_icon.png 相似度：1.0
2024-02-27 22:23:38,119 | DEBUG | 第 1 次截图。
2024-02-27 22:23:38,425 | DEBUG | 匹配系数：1.0
2024-02-27 22:23:38,427 | DEBUG | 目标图片：tmp/wife_icon.png 相似度：1.0
2024-02-27 22:24:45,581 | DEBUG | 第 1 次截图。
2024-02-27 22:24:45,900 | DEBUG | 匹配系数：0.9999996423721313
2024-02-27 22:24:45,901 | DEBUG | 目标图片：tmp/wife_icon.png 相似度：0.9999996423721313
2024-02-27 22:24:55,994 | DEBUG | 第 1 次截图。
2024-02-27 22:24:56,295 | DEBUG | 匹配系数：0.9999996423721313
2024-02-27 22:24:56,296 | DEBUG | 目标图片：tmp/wife_icon.png 相似度：0.9999996423721313
2024-02-27 22:25:57,936 | DEBUG | 第 1 次截图。
2024-02-27 22:25:58,246 | DEBUG | 匹配系数：1.0
2024-02-27 22:25:58,248 | DEBUG | 目标图片：tmp/wife_icon.png 相似度：1.0
2024-02-27 22:28:14,308 | DEBUG | 第 1 次截图。
2024-02-27 22:28:14,546 | DEBUG | 匹配系数：0.9999999403953552
2024-02-27 22:28:14,548 | DEBUG | 目标图片：tmp/wife_icon.png 相似度：0.9999999403953552
2024-02-27 22:28:59,982 | DEBUG | 第 1 次截图。
2024-02-27 22:29:00,238 | DEBUG | 匹配系数：0.454650342464447
2024-02-27 22:29:00,239 | DEBUG | 目标图片：tmp/wife_icon.png 相似度：0.454650342464447
2024-02-27 22:29:00,239 | DEBUG | 没有找到模板图片！
2024-02-27 22:31:18,571 | DEBUG | 第 1 次截图。
2024-02-27 22:31:18,850 | DEBUG | 匹配系数：0.9999996423721313
2024-02-27 22:31:18,851 | DEBUG | 目标图片：tmp/wife_icon.png 相似度：0.9999996423721313
2024-02-27 22:32:30,870 | DEBUG | 第 1 次截图。
2024-02-27 22:32:31,116 | DEBUG | 匹配系数：0.9999999403953552
2024-02-27 22:32:31,117 | DEBUG | 目标图片：tmp/wife_icon.png 相似度：0.9999999403953552
2024-02-27 22:32:50,448 | DEBUG | 第 1 次截图。
2024-02-27 22:32:50,697 | DEBUG | 匹配系数：0.9999999403953552
2024-02-27 22:32:50,699 | DEBUG | 目标图片：tmp/wife_icon.png 相似度：0.9999999403953552
2024-02-27 22:39:09,454 | DEBUG | 第 1 次截图。
2024-02-27 22:39:09,696 | DEBUG | 匹配系数：0.9999996423721313
2024-02-27 22:39:09,697 | DEBUG | 目标图片：tmp/wife_icon.png 相似度：0.9999996423721313
2024-02-27 22:39:09,718 | ERROR | 寻找图片并计数出错：index 5415 is out of bounds for axis 0 with size 840
2024-02-27 22:39:33,805 | DEBUG | 第 1 次截图。
2024-02-27 22:39:34,115 | DEBUG | 匹配系数：0.9999996423721313
2024-02-27 22:39:34,116 | DEBUG | 目标图片：tmp/wife_icon.png 相似度：0.9999996423721313
2024-02-27 22:39:51,490 | DEBUG | 第 1 次截图。
2024-02-27 22:39:51,784 | DEBUG | 匹配系数：0.9999996423721313
2024-02-27 22:39:51,785 | DEBUG | 目标图片：tmp/wife_icon.png 相似度：0.9999996423721313
2024-02-27 22:46:02,699 | DEBUG | 第 1 次截图。
2024-02-27 22:46:02,985 | DEBUG | 匹配系数：0.9999999403953552
2024-02-27 22:46:02,987 | DEBUG | 目标图片：tmp/wife_icon.png 相似度：0.9999999403953552
2024-02-27 22:46:02,999 | ERROR | 寻找图片并计数出错：OpenCV(4.6.0) D:\a\opencv-python\opencv-python\opencv\modules\imgproc\src\templmatch.cpp:1164: error: (-215:Assertion failed) (depth == CV_8U || depth == CV_32F) && type == _templ.type() && _img.dims() <= 2 in function 'cv::matchTemplate'

2024-02-27 22:49:22,074 | DEBUG | 第 1 次截图。
2024-02-27 22:49:22,410 | DEBUG | 匹配系数：0.9999999403953552
2024-02-27 22:49:22,412 | DEBUG | 目标图片：tmp/wife_icon.png 相似度：0.9999999403953552
2024-02-27 22:50:32,766 | DEBUG | 第 1 次截图。
2024-02-27 22:50:33,100 | DEBUG | 匹配系数：0.9999999403953552
2024-02-27 22:50:33,103 | DEBUG | 目标图片：tmp/wife_icon.png 相似度：0.9999999403953552
2024-02-27 22:52:40,254 | DEBUG | 第 1 次截图。
2024-02-27 22:52:40,567 | DEBUG | 匹配系数：0.9999996423721313
2024-02-27 22:52:40,568 | DEBUG | 目标图片：tmp/wife_icon.png 相似度：0.9999996423721313
2024-02-27 22:52:40,618 | DEBUG | 找到第1个匹配的模板位置。左上坐标为(68, 237)
2024-02-27 22:53:29,153 | DEBUG | 第 1 次截图。
2024-02-27 22:53:29,460 | DEBUG | 匹配系数：0.9999996423721313
2024-02-27 22:53:29,463 | DEBUG | 目标图片：tmp/wife_icon.png 相似度：0.9999996423721313
2024-02-27 22:53:29,513 | DEBUG | 找到第1个匹配的模板位置。左上坐标为(68, 234)
2024-02-27 22:53:29,515 | DEBUG | 找到第2个匹配的模板位置。左上坐标为(66, 315)
2024-02-27 22:53:29,516 | DEBUG | 找到第3个匹配的模板位置。左上坐标为(67, 395)
2024-02-27 22:53:29,516 | DEBUG | 找到第4个匹配的模板位置。左上坐标为(68, 475)
2024-02-27 22:53:29,517 | DEBUG | 找到第5个匹配的模板位置。左上坐标为(68, 635)
2024-02-27 22:53:29,517 | DEBUG | 找到第6个匹配的模板位置。左上坐标为(68, 716)
2024-02-27 22:54:40,030 | DEBUG | 第 1 次截图。
2024-02-27 22:54:40,276 | DEBUG | 匹配系数：1.0
2024-02-27 22:54:40,281 | DEBUG | 目标图片：tmp/wife_icon.png 相似度：1.0
2024-02-27 22:54:40,337 | DEBUG | 找到第1个匹配的模板位置。左上坐标为(68, 234)
2024-02-27 22:54:40,338 | DEBUG | 找到第2个匹配的模板位置。左上坐标为(66, 315)
2024-02-27 22:54:40,339 | DEBUG | 找到第3个匹配的模板位置。左上坐标为(67, 395)
2024-02-27 22:54:40,340 | DEBUG | 找到第4个匹配的模板位置。左上坐标为(68, 475)
2024-02-27 22:54:40,340 | DEBUG | 找到第5个匹配的模板位置。左上坐标为(68, 635)
2024-02-27 22:54:40,341 | DEBUG | 找到第6个匹配的模板位置。左上坐标为(68, 716)
